<?xml version="1.0" encoding="UTF-8"?>
<!-- Generated by org.testng.reporters.JUnitReportReporter -->
<testsuite hostname="ramprasad-PC" name="test_pck.google_links" tests="1" failures="0" timestamp="19 Nov 2015 11:52:06 GMT" time="11.416" errors="0">
  <testcase name="f" time="11.416" classname="test_pck.google_links"/>
</testsuite> <!-- test_pck.google_links -->
