<?xml version="1.0" encoding="UTF-8"?>
<!-- Generated by org.testng.reporters.JUnitReportReporter -->
<testsuite hostname="ramprasad-PC" name="test_pck.NewTest" tests="1" failures="0" timestamp="19 Nov 2015 11:04:02 GMT" time="0.006" errors="0">
  <testcase name="f" time="0.006" classname="test_pck.NewTest"/>
</testsuite> <!-- test_pck.NewTest -->
